<?xml version="1.0" encoding="UTF-8"?>
<!-- Generated by org.testng.reporters.JUnitReportReporter -->
<testsuite hostname="TGU1DELL0096" failures="0" tests="1" name="TestCases.TS_GoDaddy" time="0.321" errors="0" timestamp="2021-08-31T23:19:16 IST" skipped="0">
  <testcase classname="TestCases.TS_GoDaddy" name="testCase1" time="0.321"/>
  <system-out/>
</testsuite> <!-- TestCases.TS_GoDaddy -->
