<?xml version="1.0" encoding="UTF-8"?>
<!-- Generated by org.testng.reporters.JUnitReportReporter -->
<testsuite hostname="TGU1DELL0096" failures="0" tests="1" name="TestCases.TS_Amazon" time="16.631" errors="0" timestamp="2021-08-31T09:58:58 IST" skipped="0">
  <testcase classname="TestCases.TS_Amazon" name="testcase2" time="16.631"/>
  <system-out/>
</testsuite> <!-- TestCases.TS_Amazon -->
