<?xml version="1.0" encoding="UTF-8"?>
<!-- Generated by org.testng.reporters.JUnitReportReporter -->
<testsuite hostname="TGU1DELL0096" failures="0" tests="3" name="TestCases.TS_Herokuapp_FileUplaodDownlaodAndFrames" time="10.818" errors="0" timestamp="2021-08-31T23:19:16 IST" skipped="0">
  <testcase classname="TestCases.TS_Herokuapp_FileUplaodDownlaodAndFrames" name="testCase9" time="4.819"/>
  <system-out/>
  <testcase classname="TestCases.TS_Herokuapp_FileUplaodDownlaodAndFrames" name="herokuappNestedFrames" time="2.319"/>
  <system-out/>
  <testcase classname="TestCases.TS_Herokuapp_FileUplaodDownlaodAndFrames" name="iframes" time="3.680"/>
  <system-out/>
</testsuite> <!-- TestCases.TS_Herokuapp_FileUplaodDownlaodAndFrames -->
