<?xml version="1.0" encoding="UTF-8"?>
<!-- Generated by org.testng.reporters.JUnitReportReporter -->
<testsuite hostname="TGU1DELL0096" failures="0" tests="1" name="TestCases.TS_Herokuapp_Dropdown" time="0.889" errors="0" timestamp="2021-08-31T18:21:34 IST" skipped="0">
  <testcase classname="TestCases.TS_Herokuapp_Dropdown" name="testCase3" time="0.889"/>
  <system-out/>
</testsuite> <!-- TestCases.TS_Herokuapp_Dropdown -->
