<?xml version="1.0" encoding="UTF-8"?>
<!-- Generated by org.testng.reporters.JUnitReportReporter -->
<testsuite hostname="TGU1DELL0096" failures="0" tests="1" name="TestCases.TS_Herokuapp_JSAlerts" time="1.212" errors="0" timestamp="2021-08-31T18:21:34 IST" skipped="0">
  <testcase classname="TestCases.TS_Herokuapp_JSAlerts" name="testcase6" time="1.212"/>
  <system-out/>
</testsuite> <!-- TestCases.TS_Herokuapp_JSAlerts -->
